To honour the JVM settings for this build a single-use Daemon process will be forked. For more on this, please refer to https://docs.gradle.org/8.10.2/userguide/gradle_daemon.html#sec:disabling_the_daemon in the Gradle documentation.
Daemon will be stopped at the end of the build 
> Task :app:buildKotlinToolingMetadata UP-TO-DATE
> Task :app:checkKotlinGradlePluginConfigurationErrors
> Task :app:preBuild UP-TO-DATE
> Task :app:preReleaseBuild UP-TO-DATE
> Task :app:checkReleaseAarMetadata UP-TO-DATE
> Task :app:generateReleaseResValues UP-TO-DATE
> Task :app:mapReleaseSourceSetPaths UP-TO-DATE
> Task :app:generateReleaseResources UP-TO-DATE
> Task :app:mergeReleaseResources UP-TO-DATE
> Task :app:packageReleaseResources UP-TO-DATE
> Task :app:parseReleaseLocalResources UP-TO-DATE
> Task :app:createReleaseCompatibleScreenManifests UP-TO-DATE
> Task :app:extractDeepLinksRelease UP-TO-DATE
> Task :app:processReleaseMainManifest UP-TO-DATE
> Task :app:processReleaseManifest UP-TO-DATE
> Task :app:processReleaseManifestForPackage UP-TO-DATE
> Task :app:processReleaseResources UP-TO-DATE
> Task :app:javaPreCompileRelease UP-TO-DATE
> Task :app:extractProguardFiles UP-TO-DATE
> Task :app:mergeReleaseJniLibFolders UP-TO-DATE
> Task :app:mergeReleaseNativeLibs NO-SOURCE
> Task :app:stripReleaseDebugSymbols NO-SOURCE
> Task :app:extractReleaseNativeSymbolTables NO-SOURCE
> Task :app:mergeReleaseNativeDebugMetadata NO-SOURCE
> Task :app:checkReleaseDuplicateClasses UP-TO-DATE
> Task :app:mergeReleaseArtProfile UP-TO-DATE
> Task :app:mergeReleaseShaders UP-TO-DATE
> Task :app:compileReleaseShaders NO-SOURCE
> Task :app:generateReleaseAssets UP-TO-DATE
> Task :app:mergeReleaseAssets UP-TO-DATE
> Task :app:compressReleaseAssets UP-TO-DATE
> Task :app:processApplicationManifestReleaseForBundle UP-TO-DATE
> Task :app:bundleReleaseResources UP-TO-DATE
> Task :app:collectReleaseDependencies UP-TO-DATE
> Task :app:sdkReleaseDependencyData UP-TO-DATE
> Task :app:writeReleaseAppMetadata UP-TO-DATE
> Task :app:writeReleaseSigningConfigVersions UP-TO-DATE

> Task :app:kspReleaseKotlin FAILED
e: file:///C:/Users/gmincarbone/nearby/app/src/main/java/com/nearby/data/nearby/mesh/HeartbeatManager.kt:294:5 Expecting a top level declaration
e: file:///C:/Users/gmincarbone/nearby/app/src/main/java/com/nearby/data/nearby/mesh/HeartbeatManager.kt:294:18 Expecting a top level declaration
e: file:///C:/Users/gmincarbone/nearby/app/src/main/java/com/nearby/data/nearby/mesh/HeartbeatManager.kt:295:9 Expecting a top level declaration
e: file:///C:/Users/gmincarbone/nearby/app/src/main/java/com/nearby/data/nearby/mesh/HeartbeatManager.kt:295:29 Expecting a top level declaration
e: file:///C:/Users/gmincarbone/nearby/app/src/main/java/com/nearby/data/nearby/mesh/HeartbeatManager.kt:295:31 Expecting a top level declaration
e: file:///C:/Users/gmincarbone/nearby/app/src/main/java/com/nearby/data/nearby/mesh/HeartbeatManager.kt:295:36 Expecting a top level declaration
e: file:///C:/Users/gmincarbone/nearby/app/src/main/java/com/nearby/data/nearby/mesh/HeartbeatManager.kt:296:9 Expecting a top level declaration
e: file:///C:/Users/gmincarbone/nearby/app/src/main/java/com/nearby/data/nearby/mesh/HeartbeatManager.kt:296:20 Expecting a top level declaration
e: file:///C:/Users/gmincarbone/nearby/app/src/main/java/com/nearby/data/nearby/mesh/HeartbeatManager.kt:296:22 Expecting a top level declaration
e: file:///C:/Users/gmincarbone/nearby/app/src/main/java/com/nearby/data/nearby/mesh/HeartbeatManager.kt:296:25 Expecting a top level declaration
e: file:///C:/Users/gmincarbone/nearby/app/src/main/java/com/nearby/data/nearby/mesh/HeartbeatManager.kt:296:27 Expecting a top level declaration
e: file:///C:/Users/gmincarbone/nearby/app/src/main/java/com/nearby/data/nearby/mesh/HeartbeatManager.kt:296:31 Expecting a top level declaration
e: file:///C:/Users/gmincarbone/nearby/app/src/main/java/com/nearby/data/nearby/mesh/HeartbeatManager.kt:297:9 Expecting a top level declaration
e: file:///C:/Users/gmincarbone/nearby/app/src/main/java/com/nearby/data/nearby/mesh/HeartbeatManager.kt:297:21 Expecting a top level declaration
e: file:///C:/Users/gmincarbone/nearby/app/src/main/java/com/nearby/data/nearby/mesh/HeartbeatManager.kt:297:23 Expecting a top level declaration
e: file:///C:/Users/gmincarbone/nearby/app/src/main/java/com/nearby/data/nearby/mesh/HeartbeatManager.kt:297:24 Expecting a top level declaration
e: file:///C:/Users/gmincarbone/nearby/app/src/main/java/com/nearby/data/nearby/mesh/HeartbeatManager.kt:297:39 Expecting a top level declaration
e: file:///C:/Users/gmincarbone/nearby/app/src/main/java/com/nearby/data/nearby/mesh/HeartbeatManager.kt:298:5 Expecting a top level declaration
e: file:///C:/Users/gmincarbone/nearby/app/src/main/java/com/nearby/data/nearby/mesh/HeartbeatManager.kt:298:6 Expecting a top level declaration
e: file:///C:/Users/gmincarbone/nearby/app/src/main/java/com/nearby/data/nearby/mesh/HeartbeatManager.kt:299:5 Expecting a top level declaration
e: file:///C:/Users/gmincarbone/nearby/app/src/main/java/com/nearby/data/nearby/mesh/HeartbeatManager.kt:299:14 Expecting a top level declaration
e: file:///C:/Users/gmincarbone/nearby/app/src/main/java/com/nearby/data/nearby/mesh/HeartbeatManager.kt:300:9 Expecting a top level declaration
e: file:///C:/Users/gmincarbone/nearby/app/src/main/java/com/nearby/data/nearby/mesh/HeartbeatManager.kt:300:29 Expecting a top level declaration
e: file:///C:/Users/gmincarbone/nearby/app/src/main/java/com/nearby/data/nearby/mesh/HeartbeatManager.kt:300:31 Expecting a top level declaration
e: file:///C:/Users/gmincarbone/nearby/app/src/main/java/com/nearby/data/nearby/mesh/HeartbeatManager.kt:300:36 Expecting a top level declaration
e: file:///C:/Users/gmincarbone/nearby/app/src/main/java/com/nearby/data/nearby/mesh/HeartbeatManager.kt:301:9 Expecting a top level declaration
e: file:///C:/Users/gmincarbone/nearby/app/src/main/java/com/nearby/data/nearby/mesh/HeartbeatManager.kt:301:20 Expecting a top level declaration
e: file:///C:/Users/gmincarbone/nearby/app/src/main/java/com/nearby/data/nearby/mesh/HeartbeatManager.kt:301:22 Expecting a top level declaration
e: file:///C:/Users/gmincarbone/nearby/app/src/main/java/com/nearby/data/nearby/mesh/HeartbeatManager.kt:301:25 Expecting a top level declaration
e: file:///C:/Users/gmincarbone/nearby/app/src/main/java/com/nearby/data/nearby/mesh/HeartbeatManager.kt:301:27 Expecting a top level declaration
e: file:///C:/Users/gmincarbone/nearby/app/src/main/java/com/nearby/data/nearby/mesh/HeartbeatManager.kt:301:31 Expecting a top level declaration
e: file:///C:/Users/gmincarbone/nearby/app/src/main/java/com/nearby/data/nearby/mesh/HeartbeatManager.kt:302:9 Expecting a top level declaration
e: file:///C:/Users/gmincarbone/nearby/app/src/main/java/com/nearby/data/nearby/mesh/HeartbeatManager.kt:302:21 Expecting a top level declaration
e: file:///C:/Users/gmincarbone/nearby/app/src/main/java/com/nearby/data/nearby/mesh/HeartbeatManager.kt:302:23 Expecting a top level declaration
e: file:///C:/Users/gmincarbone/nearby/app/src/main/java/com/nearby/data/nearby/mesh/HeartbeatManager.kt:302:24 Expecting a top level declaration
e: file:///C:/Users/gmincarbone/nearby/app/src/main/java/com/nearby/data/nearby/mesh/HeartbeatManager.kt:302:28 Expecting a top level declaration
e: file:///C:/Users/gmincarbone/nearby/app/src/main/java/com/nearby/data/nearby/mesh/HeartbeatManager.kt:303:5 Expecting a top level declaration
e: file:///C:/Users/gmincarbone/nearby/app/src/main/java/com/nearby/data/nearby/mesh/HeartbeatManager.kt:303:6 Expecting a top level declaration
e: file:///C:/Users/gmincarbone/nearby/app/src/main/java/com/nearby/data/nearby/mesh/HeartbeatManager.kt:304:5 Expecting a top level declaration
e: file:///C:/Users/gmincarbone/nearby/app/src/main/java/com/nearby/data/nearby/mesh/HeartbeatManager.kt:304:17 Expecting a top level declaration
e: file:///C:/Users/gmincarbone/nearby/app/src/main/java/com/nearby/data/nearby/mesh/HeartbeatManager.kt:305:9 Expecting a top level declaration
e: file:///C:/Users/gmincarbone/nearby/app/src/main/java/com/nearby/data/nearby/mesh/HeartbeatManager.kt:305:29 Expecting a top level declaration
e: file:///C:/Users/gmincarbone/nearby/app/src/main/java/com/nearby/data/nearby/mesh/HeartbeatManager.kt:305:31 Expecting a top level declaration
e: file:///C:/Users/gmincarbone/nearby/app/src/main/java/com/nearby/data/nearby/mesh/HeartbeatManager.kt:305:36 Expecting a top level declaration
e: file:///C:/Users/gmincarbone/nearby/app/src/main/java/com/nearby/data/nearby/mesh/HeartbeatManager.kt:306:9 Expecting a top level declaration
e: file:///C:/Users/gmincarbone/nearby/app/src/main/java/com/nearby/data/nearby/mesh/HeartbeatManager.kt:306:20 Expecting a top level declaration
e: file:///C:/Users/gmincarbone/nearby/app/src/main/java/com/nearby/data/nearby/mesh/HeartbeatManager.kt:306:22 Expecting a top level declaration
e: file:///C:/Users/gmincarbone/nearby/app/src/main/java/com/nearby/data/nearby/mesh/HeartbeatManager.kt:306:24 Expecting a top level declaration
e: file:///C:/Users/gmincarbone/nearby/app/src/main/java/com/nearby/data/nearby/mesh/HeartbeatManager.kt:306:26 Expecting a top level declaration
e: file:///C:/Users/gmincarbone/nearby/app/src/main/java/com/nearby/data/nearby/mesh/HeartbeatManager.kt:306:29 Expecting a top level declaration
e: file:///C:/Users/gmincarbone/nearby/app/src/main/java/com/nearby/data/nearby/mesh/HeartbeatManager.kt:306:31 Expecting a top level declaration
e: file:///C:/Users/gmincarbone/nearby/app/src/main/java/com/nearby/data/nearby/mesh/HeartbeatManager.kt:306:35 Expecting a top level declaration
e: file:///C:/Users/gmincarbone/nearby/app/src/main/java/com/nearby/data/nearby/mesh/HeartbeatManager.kt:307:9 Expecting a top level declaration
e: file:///C:/Users/gmincarbone/nearby/app/src/main/java/com/nearby/data/nearby/mesh/HeartbeatManager.kt:307:21 Expecting a top level declaration
e: file:///C:/Users/gmincarbone/nearby/app/src/main/java/com/nearby/data/nearby/mesh/HeartbeatManager.kt:307:23 Expecting a top level declaration
e: file:///C:/Users/gmincarbone/nearby/app/src/main/java/com/nearby/data/nearby/mesh/HeartbeatManager.kt:307:24 Expecting a top level declaration
e: file:///C:/Users/gmincarbone/nearby/app/src/main/java/com/nearby/data/nearby/mesh/HeartbeatManager.kt:307:37 Expecting a top level declaration
e: file:///C:/Users/gmincarbone/nearby/app/src/main/java/com/nearby/data/nearby/mesh/HeartbeatManager.kt:308:5 Expecting a top level declaration
e: file:///C:/Users/gmincarbone/nearby/app/src/main/java/com/nearby/data/nearby/mesh/HeartbeatManager.kt:308:6 Expecting a top level declaration
e: file:///C:/Users/gmincarbone/nearby/app/src/main/java/com/nearby/data/nearby/mesh/HeartbeatManager.kt:309:5 Expecting a top level declaration
e: file:///C:/Users/gmincarbone/nearby/app/src/main/java/com/nearby/data/nearby/mesh/HeartbeatManager.kt:309:19 Expecting a top level declaration
e: file:///C:/Users/gmincarbone/nearby/app/src/main/java/com/nearby/data/nearby/mesh/HeartbeatManager.kt:310:9 Expecting a top level declaration
e: file:///C:/Users/gmincarbone/nearby/app/src/main/java/com/nearby/data/nearby/mesh/HeartbeatManager.kt:310:29 Expecting a top level declaration
e: file:///C:/Users/gmincarbone/nearby/app/src/main/java/com/nearby/data/nearby/mesh/HeartbeatManager.kt:310:31 Expecting a top level declaration
e: file:///C:/Users/gmincarbone/nearby/app/src/main/java/com/nearby/data/nearby/mesh/HeartbeatManager.kt:310:36 Expecting a top level declaration
e: file:///C:/Users/gmincarbone/nearby/app/src/main/java/com/nearby/data/nearby/mesh/HeartbeatManager.kt:311:9 Expecting a top level declaration
e: file:///C:/Users/gmincarbone/nearby/app/src/main/java/com/nearby/data/nearby/mesh/HeartbeatManager.kt:311:20 Expecting a top level declaration
e: file:///C:/Users/gmincarbone/nearby/app/src/main/java/com/nearby/data/nearby/mesh/HeartbeatManager.kt:311:22 Expecting a top level declaration
e: file:///C:/Users/gmincarbone/nearby/app/src/main/java/com/nearby/data/nearby/mesh/HeartbeatManager.kt:311:25 Expecting a top level declaration
e: file:///C:/Users/gmincarbone/nearby/app/src/main/java/com/nearby/data/nearby/mesh/HeartbeatManager.kt:311:27 Expecting a top level declaration
e: file:///C:/Users/gmincarbone/nearby/app/src/main/java/com/nearby/data/nearby/mesh/HeartbeatManager.kt:311:30 Expecting a top level declaration
e: file:///C:/Users/gmincarbone/nearby/app/src/main/java/com/nearby/data/nearby/mesh/HeartbeatManager.kt:311:32 Expecting a top level declaration
e: file:///C:/Users/gmincarbone/nearby/app/src/main/java/com/nearby/data/nearby/mesh/HeartbeatManager.kt:311:36 Expecting a top level declaration
e: file:///C:/Users/gmincarbone/nearby/app/src/main/java/com/nearby/data/nearby/mesh/HeartbeatManager.kt:312:9 Expecting a top level declaration
e: file:///C:/Users/gmincarbone/nearby/app/src/main/java/com/nearby/data/nearby/mesh/HeartbeatManager.kt:312:21 Expecting a top level declaration
e: file:///C:/Users/gmincarbone/nearby/app/src/main/java/com/nearby/data/nearby/mesh/HeartbeatManager.kt:312:23 Expecting a top level declaration
e: file:///C:/Users/gmincarbone/nearby/app/src/main/java/com/nearby/data/nearby/mesh/HeartbeatManager.kt:312:24 Expecting a top level declaration
e: file:///C:/Users/gmincarbone/nearby/app/src/main/java/com/nearby/data/nearby/mesh/HeartbeatManager.kt:312:38 Expecting a top level declaration
e: file:///C:/Users/gmincarbone/nearby/app/src/main/java/com/nearby/data/nearby/mesh/HeartbeatManager.kt:313:5 Expecting a top level declaration
e: file:///C:/Users/gmincarbone/nearby/app/src/main/java/com/nearby/data/nearby/mesh/HeartbeatManager.kt:313:6 Expecting a top level declaration
e: file:///C:/Users/gmincarbone/nearby/app/src/main/java/com/nearby/data/nearby/mesh/HeartbeatManager.kt:314:5 Expecting a top level declaration
e: file:///C:/Users/gmincarbone/nearby/app/src/main/java/com/nearby/data/nearby/mesh/HeartbeatManager.kt:314:13 Expecting a top level declaration
e: file:///C:/Users/gmincarbone/nearby/app/src/main/java/com/nearby/data/nearby/mesh/HeartbeatManager.kt:315:9 Expecting a top level declaration
e: file:///C:/Users/gmincarbone/nearby/app/src/main/java/com/nearby/data/nearby/mesh/HeartbeatManager.kt:315:29 Expecting a top level declaration
e: file:///C:/Users/gmincarbone/nearby/app/src/main/java/com/nearby/data/nearby/mesh/HeartbeatManager.kt:315:31 Expecting a top level declaration
e: file:///C:/Users/gmincarbone/nearby/app/src/main/java/com/nearby/data/nearby/mesh/HeartbeatManager.kt:315:32 Expecting a top level declaration
e: file:///C:/Users/gmincarbone/nearby/app/src/main/java/com/nearby/data/nearby/mesh/HeartbeatManager.kt:316:9 Expecting a top level declaration
e: file:///C:/Users/gmincarbone/nearby/app/src/main/java/com/nearby/data/nearby/mesh/HeartbeatManager.kt:316:20 Expecting a top level declaration
e: file:///C:/Users/gmincarbone/nearby/app/src/main/java/com/nearby/data/nearby/mesh/HeartbeatManager.kt:316:22 Expecting a top level declaration
e: file:///C:/Users/gmincarbone/nearby/app/src/main/java/com/nearby/data/nearby/mesh/HeartbeatManager.kt:316:23 Expecting a top level declaration
e: file:///C:/Users/gmincarbone/nearby/app/src/main/java/com/nearby/data/nearby/mesh/HeartbeatManager.kt:317:9 Expecting a top level declaration
e: file:///C:/Users/gmincarbone/nearby/app/src/main/java/com/nearby/data/nearby/mesh/HeartbeatManager.kt:317:21 Expecting a top level declaration
e: file:///C:/Users/gmincarbone/nearby/app/src/main/java/com/nearby/data/nearby/mesh/HeartbeatManager.kt:317:23 Expecting a top level declaration
e: file:///C:/Users/gmincarbone/nearby/app/src/main/java/com/nearby/data/nearby/mesh/HeartbeatManager.kt:317:24 Expecting a top level declaration
e: file:///C:/Users/gmincarbone/nearby/app/src/main/java/com/nearby/data/nearby/mesh/HeartbeatManager.kt:317:48 Expecting a top level declaration
e: file:///C:/Users/gmincarbone/nearby/app/src/main/java/com/nearby/data/nearby/mesh/HeartbeatManager.kt:318:5 Expecting a top level declaration
e: file:///C:/Users/gmincarbone/nearby/app/src/main/java/com/nearby/data/nearby/mesh/HeartbeatManager.kt:319:1 Expecting a top level declaration

FAILURE: Build failed with an exception.

* What went wrong:
Execution failed for task ':app:kspReleaseKotlin'.
> A failure occurred while executing org.jetbrains.kotlin.compilerRunner.GradleCompilerRunnerWithWorkers$GradleKotlinCompilerWorkAction
   > Compilation error. See log for more details

* Try:
> Run with --info or --debug option to get more log output.
> Run with --scan to get full insights.
> Get more help at https://help.gradle.org.

* Exception is:
org.gradle.api.tasks.TaskExecutionException: Execution failed for task ':app:kspReleaseKotlin'.
	at org.gradle.api.internal.tasks.execution.ExecuteActionsTaskExecuter.lambda$executeIfValid$1(ExecuteActionsTaskExecuter.java:130)
	at org.gradle.internal.Try$Failure.ifSuccessfulOrElse(Try.java:293)
	at org.gradle.api.internal.tasks.execution.ExecuteActionsTaskExecuter.executeIfValid(ExecuteActionsTaskExecuter.java:128)
	at org.gradle.api.internal.tasks.execution.ExecuteActionsTaskExecuter.execute(ExecuteActionsTaskExecuter.java:116)
	at org.gradle.api.internal.tasks.execution.FinalizePropertiesTaskExecuter.execute(FinalizePropertiesTaskExecuter.java:46)
	at org.gradle.api.internal.tasks.execution.ResolveTaskExecutionModeExecuter.execute(ResolveTaskExecutionModeExecuter.java:51)
	at org.gradle.api.internal.tasks.execution.SkipTaskWithNoActionsExecuter.execute(SkipTaskWithNoActionsExecuter.java:57)
	at org.gradle.api.internal.tasks.execution.SkipOnlyIfTaskExecuter.execute(SkipOnlyIfTaskExecuter.java:74)
	at org.gradle.api.internal.tasks.execution.CatchExceptionTaskExecuter.execute(CatchExceptionTaskExecuter.java:36)
	at org.gradle.api.internal.tasks.execution.EventFiringTaskExecuter$1.executeTask(EventFiringTaskExecuter.java:77)
	at org.gradle.api.internal.tasks.execution.EventFiringTaskExecuter$1.call(EventFiringTaskExecuter.java:55)
	at org.gradle.api.internal.tasks.execution.EventFiringTaskExecuter$1.call(EventFiringTaskExecuter.java:52)
	at org.gradle.internal.operations.DefaultBuildOperationRunner$CallableBuildOperationWorker.execute(DefaultBuildOperationRunner.java:209)
	at org.gradle.internal.operations.DefaultBuildOperationRunner$CallableBuildOperationWorker.execute(DefaultBuildOperationRunner.java:204)
	at org.gradle.internal.operations.DefaultBuildOperationRunner$2.execute(DefaultBuildOperationRunner.java:66)
	at org.gradle.internal.operations.DefaultBuildOperationRunner$2.execute(DefaultBuildOperationRunner.java:59)
	at org.gradle.internal.operations.DefaultBuildOperationRunner.execute(DefaultBuildOperationRunner.java:166)
	at org.gradle.internal.operations.DefaultBuildOperationRunner.execute(DefaultBuildOperationRunner.java:59)
	at org.gradle.internal.operations.DefaultBuildOperationRunner.call(DefaultBuildOperationRunner.java:53)
	at org.gradle.api.internal.tasks.execution.EventFiringTaskExecuter.execute(EventFiringTaskExecuter.java:52)
	at org.gradle.execution.plan.LocalTaskNodeExecutor.execute(LocalTaskNodeExecutor.java:42)
	at org.gradle.execution.taskgraph.DefaultTaskExecutionGraph$InvokeNodeExecutorsAction.execute(DefaultTaskExecutionGraph.java:331)
	at org.gradle.execution.taskgraph.DefaultTaskExecutionGraph$InvokeNodeExecutorsAction.execute(DefaultTaskExecutionGraph.java:318)
	at org.gradle.execution.taskgraph.DefaultTaskExecutionGraph$BuildOperationAwareExecutionAction.lambda$execute$0(DefaultTaskExecutionGraph.java:314)
	at org.gradle.internal.operations.CurrentBuildOperationRef.with(CurrentBuildOperationRef.java:85)
	at org.gradle.execution.taskgraph.DefaultTaskExecutionGraph$BuildOperationAwareExecutionAction.execute(DefaultTaskExecutionGraph.java:314)
	at org.gradle.execution.taskgraph.DefaultTaskExecutionGraph$BuildOperationAwareExecutionAction.execute(DefaultTaskExecutionGraph.java:303)
	at org.gradle.execution.plan.DefaultPlanExecutor$ExecutorWorker.execute(DefaultPlanExecutor.java:459)
	at org.gradle.execution.plan.DefaultPlanExecutor$ExecutorWorker.run(DefaultPlanExecutor.java:376)
	at org.gradle.execution.plan.DefaultPlanExecutor.process(DefaultPlanExecutor.java:111)
	at org.gradle.execution.taskgraph.DefaultTaskExecutionGraph.executeWithServices(DefaultTaskExecutionGraph.java:138)
	at org.gradle.execution.taskgraph.DefaultTaskExecutionGraph.execute(DefaultTaskExecutionGraph.java:123)
	at org.gradle.execution.SelectedTaskExecutionAction.execute(SelectedTaskExecutionAction.java:35)
	at org.gradle.execution.DryRunBuildExecutionAction.execute(DryRunBuildExecutionAction.java:51)
	at org.gradle.execution.BuildOperationFiringBuildWorkerExecutor$ExecuteTasks.call(BuildOperationFiringBuildWorkerExecutor.java:54)
	at org.gradle.execution.BuildOperationFiringBuildWorkerExecutor$ExecuteTasks.call(BuildOperationFiringBuildWorkerExecutor.java:43)
	at org.gradle.internal.operations.DefaultBuildOperationRunner$CallableBuildOperationWorker.execute(DefaultBuildOperationRunner.java:209)
	at org.gradle.internal.operations.DefaultBuildOperationRunner$CallableBuildOperationWorker.execute(DefaultBuildOperationRunner.java:204)
	at org.gradle.internal.operations.DefaultBuildOperationRunner$2.execute(DefaultBuildOperationRunner.java:66)
	at org.gradle.internal.operations.DefaultBuildOperationRunner$2.execute(DefaultBuildOperationRunner.java:59)
	at org.gradle.internal.operations.DefaultBuildOperationRunner.execute(DefaultBuildOperationRunner.java:166)
	at org.gradle.internal.operations.DefaultBuildOperationRunner.execute(DefaultBuildOperationRunner.java:59)
	at org.gradle.internal.operations.DefaultBuildOperationRunner.call(DefaultBuildOperationRunner.java:53)
	at org.gradle.execution.BuildOperationFiringBuildWorkerExecutor.execute(BuildOperationFiringBuildWorkerExecutor.java:40)
	at org.gradle.internal.build.DefaultBuildLifecycleController.lambda$executeTasks$10(DefaultBuildLifecycleController.java:313)
	at org.gradle.internal.model.StateTransitionController.doTransition(StateTransitionController.java:266)
	at org.gradle.internal.model.StateTransitionController.lambda$tryTransition$8(StateTransitionController.java:177)
	at org.gradle.internal.work.DefaultSynchronizer.withLock(DefaultSynchronizer.java:44)
	at org.gradle.internal.model.StateTransitionController.tryTransition(StateTransitionController.java:177)
	at org.gradle.internal.build.DefaultBuildLifecycleController.executeTasks(DefaultBuildLifecycleController.java:304)
	at org.gradle.internal.build.DefaultBuildWorkGraphController$DefaultBuildWorkGraph.runWork(DefaultBuildWorkGraphController.java:220)
	at org.gradle.internal.work.DefaultWorkerLeaseService.withLocks(DefaultWorkerLeaseService.java:263)
	at org.gradle.internal.work.DefaultWorkerLeaseService.runAsWorkerThread(DefaultWorkerLeaseService.java:127)
	at org.gradle.composite.internal.DefaultBuildController.doRun(DefaultBuildController.java:181)
	at org.gradle.composite.internal.DefaultBuildController.access$000(DefaultBuildController.java:50)
	at org.gradle.composite.internal.DefaultBuildController$BuildOpRunnable.lambda$run$0(DefaultBuildController.java:198)
	at org.gradle.internal.operations.CurrentBuildOperationRef.with(CurrentBuildOperationRef.java:85)
	at org.gradle.composite.internal.DefaultBuildController$BuildOpRunnable.run(DefaultBuildController.java:198)
	at org.gradle.internal.concurrent.ExecutorPolicy$CatchAndRecordFailures.onExecute(ExecutorPolicy.java:64)
	at org.gradle.internal.concurrent.AbstractManagedExecutor$1.run(AbstractManagedExecutor.java:48)
Caused by: org.gradle.workers.internal.DefaultWorkerExecutor$WorkExecutionException: A failure occurred while executing org.jetbrains.kotlin.compilerRunner.GradleCompilerRunnerWithWorkers$GradleKotlinCompilerWorkAction
	at org.gradle.workers.internal.DefaultWorkerExecutor$WorkItemExecution.waitForCompletion(DefaultWorkerExecutor.java:287)
	at org.gradle.internal.work.DefaultAsyncWorkTracker.lambda$waitForItemsAndGatherFailures$2(DefaultAsyncWorkTracker.java:130)
	at org.gradle.internal.Factories$1.create(Factories.java:31)
	at org.gradle.internal.work.DefaultWorkerLeaseService.withoutLocks(DefaultWorkerLeaseService.java:335)
	at org.gradle.internal.work.DefaultWorkerLeaseService.withoutLocks(DefaultWorkerLeaseService.java:318)
	at org.gradle.internal.work.DefaultWorkerLeaseService.withoutLock(DefaultWorkerLeaseService.java:323)
	at org.gradle.internal.work.DefaultAsyncWorkTracker.waitForItemsAndGatherFailures(DefaultAsyncWorkTracker.java:126)
	at org.gradle.internal.work.DefaultAsyncWorkTracker.waitForItemsAndGatherFailures(DefaultAsyncWorkTracker.java:92)
	at org.gradle.internal.work.DefaultAsyncWorkTracker.waitForAll(DefaultAsyncWorkTracker.java:78)
	at org.gradle.internal.work.DefaultAsyncWorkTracker.waitForCompletion(DefaultAsyncWorkTracker.java:66)
	at org.gradle.api.internal.tasks.execution.TaskExecution$3.run(TaskExecution.java:252)
	at org.gradle.internal.operations.DefaultBuildOperationRunner$1.execute(DefaultBuildOperationRunner.java:29)
	at org.gradle.internal.operations.DefaultBuildOperationRunner$1.execute(DefaultBuildOperationRunner.java:26)
	at org.gradle.internal.operations.DefaultBuildOperationRunner$2.execute(DefaultBuildOperationRunner.java:66)
	at org.gradle.internal.operations.DefaultBuildOperationRunner$2.execute(DefaultBuildOperationRunner.java:59)
	at org.gradle.internal.operations.DefaultBuildOperationRunner.execute(DefaultBuildOperationRunner.java:166)
	at org.gradle.internal.operations.DefaultBuildOperationRunner.execute(DefaultBuildOperationRunner.java:59)
	at org.gradle.internal.operations.DefaultBuildOperationRunner.run(DefaultBuildOperationRunner.java:47)
	at org.gradle.api.internal.tasks.execution.TaskExecution.executeAction(TaskExecution.java:229)
	at org.gradle.api.internal.tasks.execution.TaskExecution.executeActions(TaskExecution.java:212)
	at org.gradle.api.internal.tasks.execution.TaskExecution.executeWithPreviousOutputFiles(TaskExecution.java:195)
	at org.gradle.api.internal.tasks.execution.TaskExecution.execute(TaskExecution.java:162)
	at org.gradle.internal.execution.steps.ExecuteStep.executeInternal(ExecuteStep.java:105)
	at org.gradle.internal.execution.steps.ExecuteStep.access$000(ExecuteStep.java:44)
	at org.gradle.internal.execution.steps.ExecuteStep$1.call(ExecuteStep.java:59)
	at org.gradle.internal.execution.steps.ExecuteStep$1.call(ExecuteStep.java:56)
	at org.gradle.internal.operations.DefaultBuildOperationRunner$CallableBuildOperationWorker.execute(DefaultBuildOperationRunner.java:209)
	at org.gradle.internal.operations.DefaultBuildOperationRunner$CallableBuildOperationWorker.execute(DefaultBuildOperationRunner.java:204)
	at org.gradle.internal.operations.DefaultBuildOperationRunner$2.execute(DefaultBuildOperationRunner.java:66)
	at org.gradle.internal.operations.DefaultBuildOperationRunner$2.execute(DefaultBuildOperationRunner.java:59)
	at org.gradle.internal.operations.DefaultBuildOperationRunner.execute(DefaultBuildOperationRunner.java:166)
	at org.gradle.internal.operations.DefaultBuildOperationRunner.execute(DefaultBuildOperationRunner.java:59)
	at org.gradle.internal.operations.DefaultBuildOperationRunner.call(DefaultBuildOperationRunner.java:53)
	at org.gradle.internal.execution.steps.ExecuteStep.execute(ExecuteStep.java:56)
	at org.gradle.internal.execution.steps.ExecuteStep.execute(ExecuteStep.java:44)
	at org.gradle.internal.execution.steps.CancelExecutionStep.execute(CancelExecutionStep.java:42)
	at org.gradle.internal.execution.steps.TimeoutStep.executeWithoutTimeout(TimeoutStep.java:75)
	at org.gradle.internal.execution.steps.TimeoutStep.execute(TimeoutStep.java:55)
	at org.gradle.internal.execution.steps.PreCreateOutputParentsStep.execute(PreCreateOutputParentsStep.java:50)
	at org.gradle.internal.execution.steps.PreCreateOutputParentsStep.execute(PreCreateOutputParentsStep.java:28)
	at org.gradle.internal.execution.steps.RemovePreviousOutputsStep.execute(RemovePreviousOutputsStep.java:67)
	at org.gradle.internal.execution.steps.RemovePreviousOutputsStep.execute(RemovePreviousOutputsStep.java:37)
	at org.gradle.internal.execution.steps.BroadcastChangingOutputsStep.execute(BroadcastChangingOutputsStep.java:61)
	at org.gradle.internal.execution.steps.BroadcastChangingOutputsStep.execute(BroadcastChangingOutputsStep.java:26)
	at org.gradle.internal.execution.steps.CaptureOutputsAfterExecutionStep.execute(CaptureOutputsAfterExecutionStep.java:69)
	at org.gradle.internal.execution.steps.CaptureOutputsAfterExecutionStep.execute(CaptureOutputsAfterExecutionStep.java:46)
	at org.gradle.internal.execution.steps.ResolveInputChangesStep.execute(ResolveInputChangesStep.java:40)
	at org.gradle.internal.execution.steps.ResolveInputChangesStep.execute(ResolveInputChangesStep.java:29)
	at org.gradle.internal.execution.steps.BuildCacheStep.executeWithoutCache(BuildCacheStep.java:189)
	at org.gradle.internal.execution.steps.BuildCacheStep.lambda$execute$1(BuildCacheStep.java:75)
	at org.gradle.internal.Either$Right.fold(Either.java:175)
	at org.gradle.internal.execution.caching.CachingState.fold(CachingState.java:62)
	at org.gradle.internal.execution.steps.BuildCacheStep.execute(BuildCacheStep.java:73)
	at org.gradle.internal.execution.steps.BuildCacheStep.execute(BuildCacheStep.java:48)
	at org.gradle.internal.execution.steps.StoreExecutionStateStep.execute(StoreExecutionStateStep.java:46)
	at org.gradle.internal.execution.steps.StoreExecutionStateStep.execute(StoreExecutionStateStep.java:35)
	at org.gradle.internal.execution.steps.SkipUpToDateStep.executeBecause(SkipUpToDateStep.java:75)
	at org.gradle.internal.execution.steps.SkipUpToDateStep.lambda$execute$2(SkipUpToDateStep.java:53)
	at org.gradle.internal.execution.steps.SkipUpToDateStep.execute(SkipUpToDateStep.java:53)
	at org.gradle.internal.execution.steps.SkipUpToDateStep.execute(SkipUpToDateStep.java:35)
	at org.gradle.internal.execution.steps.legacy.MarkSnapshottingInputsFinishedStep.execute(MarkSnapshottingInputsFinishedStep.java:37)
	at org.gradle.internal.execution.steps.legacy.MarkSnapshottingInputsFinishedStep.execute(MarkSnapshottingInputsFinishedStep.java:27)
	at org.gradle.internal.execution.steps.ResolveIncrementalCachingStateStep.executeDelegate(ResolveIncrementalCachingStateStep.java:49)
	at org.gradle.internal.execution.steps.ResolveIncrementalCachingStateStep.executeDelegate(ResolveIncrementalCachingStateStep.java:27)
	at org.gradle.internal.execution.steps.AbstractResolveCachingStateStep.execute(AbstractResolveCachingStateStep.java:71)
	at org.gradle.internal.execution.steps.AbstractResolveCachingStateStep.execute(AbstractResolveCachingStateStep.java:39)
	at org.gradle.internal.execution.steps.ResolveChangesStep.execute(ResolveChangesStep.java:65)
	at org.gradle.internal.execution.steps.ResolveChangesStep.execute(ResolveChangesStep.java:36)
	at org.gradle.internal.execution.steps.ValidateStep.execute(ValidateStep.java:107)
	at org.gradle.internal.execution.steps.ValidateStep.execute(ValidateStep.java:56)
	at org.gradle.internal.execution.steps.AbstractCaptureStateBeforeExecutionStep.execute(AbstractCaptureStateBeforeExecutionStep.java:64)
	at org.gradle.internal.execution.steps.AbstractCaptureStateBeforeExecutionStep.execute(AbstractCaptureStateBeforeExecutionStep.java:43)
	at org.gradle.internal.execution.steps.AbstractSkipEmptyWorkStep.executeWithNonEmptySources(AbstractSkipEmptyWorkStep.java:125)
	at org.gradle.internal.execution.steps.AbstractSkipEmptyWorkStep.execute(AbstractSkipEmptyWorkStep.java:61)
	at org.gradle.internal.execution.steps.AbstractSkipEmptyWorkStep.execute(AbstractSkipEmptyWorkStep.java:36)
	at org.gradle.internal.execution.steps.legacy.MarkSnapshottingInputsStartedStep.execute(MarkSnapshottingInputsStartedStep.java:38)
	at org.gradle.internal.execution.steps.LoadPreviousExecutionStateStep.execute(LoadPreviousExecutionStateStep.java:36)
	at org.gradle.internal.execution.steps.LoadPreviousExecutionStateStep.execute(LoadPreviousExecutionStateStep.java:23)
	at org.gradle.internal.execution.steps.HandleStaleOutputsStep.execute(HandleStaleOutputsStep.java:75)
	at org.gradle.internal.execution.steps.HandleStaleOutputsStep.execute(HandleStaleOutputsStep.java:41)
	at org.gradle.internal.execution.steps.AssignMutableWorkspaceStep.lambda$execute$0(AssignMutableWorkspaceStep.java:35)
	at org.gradle.api.internal.tasks.execution.TaskExecution$4.withWorkspace(TaskExecution.java:289)
	at org.gradle.internal.execution.steps.AssignMutableWorkspaceStep.execute(AssignMutableWorkspaceStep.java:31)
	at org.gradle.internal.execution.steps.AssignMutableWorkspaceStep.execute(AssignMutableWorkspaceStep.java:22)
	at org.gradle.internal.execution.steps.ChoosePipelineStep.execute(ChoosePipelineStep.java:40)
	at org.gradle.internal.execution.steps.ChoosePipelineStep.execute(ChoosePipelineStep.java:23)
	at org.gradle.internal.execution.steps.ExecuteWorkBuildOperationFiringStep.lambda$execute$2(ExecuteWorkBuildOperationFiringStep.java:67)
	at org.gradle.internal.execution.steps.ExecuteWorkBuildOperationFiringStep.execute(ExecuteWorkBuildOperationFiringStep.java:67)
	at org.gradle.internal.execution.steps.ExecuteWorkBuildOperationFiringStep.execute(ExecuteWorkBuildOperationFiringStep.java:39)
	at org.gradle.internal.execution.steps.IdentityCacheStep.execute(IdentityCacheStep.java:46)
	at org.gradle.internal.execution.steps.IdentityCacheStep.execute(IdentityCacheStep.java:34)
	at org.gradle.internal.execution.steps.IdentifyStep.execute(IdentifyStep.java:48)
	at org.gradle.internal.execution.steps.IdentifyStep.execute(IdentifyStep.java:35)
	at org.gradle.internal.execution.impl.DefaultExecutionEngine$1.execute(DefaultExecutionEngine.java:61)
	at org.gradle.api.internal.tasks.execution.ExecuteActionsTaskExecuter.executeIfValid(ExecuteActionsTaskExecuter.java:127)
	at org.gradle.api.internal.tasks.execution.ExecuteActionsTaskExecuter.execute(ExecuteActionsTaskExecuter.java:116)
	at org.gradle.api.internal.tasks.execution.FinalizePropertiesTaskExecuter.execute(FinalizePropertiesTaskExecuter.java:46)
	at org.gradle.api.internal.tasks.execution.ResolveTaskExecutionModeExecuter.execute(ResolveTaskExecutionModeExecuter.java:51)
	at org.gradle.api.internal.tasks.execution.SkipTaskWithNoActionsExecuter.execute(SkipTaskWithNoActionsExecuter.java:57)
	at org.gradle.api.internal.tasks.execution.SkipOnlyIfTaskExecuter.execute(SkipOnlyIfTaskExecuter.java:74)
	at org.gradle.api.internal.tasks.execution.CatchExceptionTaskExecuter.execute(CatchExceptionTaskExecuter.java:36)
	at org.gradle.api.internal.tasks.execution.EventFiringTaskExecuter$1.executeTask(EventFiringTaskExecuter.java:77)
	at org.gradle.api.internal.tasks.execution.EventFiringTaskExecuter$1.call(EventFiringTaskExecuter.java:55)
	at org.gradle.api.internal.tasks.execution.EventFiringTaskExecuter$1.call(EventFiringTaskExecuter.java:52)
	at org.gradle.internal.operations.DefaultBuildOperationRunner$CallableBuildOperationWorker.execute(DefaultBuildOperationRunner.java:209)
	at org.gradle.internal.operations.DefaultBuildOperationRunner$CallableBuildOperationWorker.execute(DefaultBuildOperationRunner.java:204)
	at org.gradle.internal.operations.DefaultBuildOperationRunner$2.execute(DefaultBuildOperationRunner.java:66)
	at org.gradle.internal.operations.DefaultBuildOperationRunner$2.execute(DefaultBuildOperationRunner.java:59)
	at org.gradle.internal.operations.DefaultBuildOperationRunner.execute(DefaultBuildOperationRunner.java:166)
	at org.gradle.internal.operations.DefaultBuildOperationRunner.execute(DefaultBuildOperationRunner.java:59)
	at org.gradle.internal.operations.DefaultBuildOperationRunner.call(DefaultBuildOperationRunner.java:53)
	at org.gradle.api.internal.tasks.execution.EventFiringTaskExecuter.execute(EventFiringTaskExecuter.java:52)
	at org.gradle.execution.plan.LocalTaskNodeExecutor.execute(LocalTaskNodeExecutor.java:42)
	at org.gradle.execution.taskgraph.DefaultTaskExecutionGraph$InvokeNodeExecutorsAction.execute(DefaultTaskExecutionGraph.java:331)
	at org.gradle.execution.taskgraph.DefaultTaskExecutionGraph$InvokeNodeExecutorsAction.execute(DefaultTaskExecutionGraph.java:318)
	at org.gradle.execution.taskgraph.DefaultTaskExecutionGraph$BuildOperationAwareExecutionAction.lambda$execute$0(DefaultTaskExecutionGraph.java:314)
	at org.gradle.internal.operations.CurrentBuildOperationRef.with(CurrentBuildOperationRef.java:85)
	at org.gradle.execution.taskgraph.DefaultTaskExecutionGraph$BuildOperationAwareExecutionAction.execute(DefaultTaskExecutionGraph.java:314)
	at org.gradle.execution.taskgraph.DefaultTaskExecutionGraph$BuildOperationAwareExecutionAction.execute(DefaultTaskExecutionGraph.java:303)
	at org.gradle.execution.plan.DefaultPlanExecutor$ExecutorWorker.execute(DefaultPlanExecutor.java:459)
	at org.gradle.execution.plan.DefaultPlanExecutor$ExecutorWorker.run(DefaultPlanExecutor.java:376)
	at org.gradle.execution.plan.DefaultPlanExecutor.process(DefaultPlanExecutor.java:111)
	at org.gradle.execution.taskgraph.DefaultTaskExecutionGraph.executeWithServices(DefaultTaskExecutionGraph.java:138)
	at org.gradle.execution.taskgraph.DefaultTaskExecutionGraph.execute(DefaultTaskExecutionGraph.java:123)
	at org.gradle.execution.SelectedTaskExecutionAction.execute(SelectedTaskExecutionAction.java:35)
	at org.gradle.execution.DryRunBuildExecutionAction.execute(DryRunBuildExecutionAction.java:51)
	at org.gradle.execution.BuildOperationFiringBuildWorkerExecutor$ExecuteTasks.call(BuildOperationFiringBuildWorkerExecutor.java:54)
	at org.gradle.execution.BuildOperationFiringBuildWorkerExecutor$ExecuteTasks.call(BuildOperationFiringBuildWorkerExecutor.java:43)
	at org.gradle.internal.operations.DefaultBuildOperationRunner$CallableBuildOperationWorker.execute(DefaultBuildOperationRunner.java:209)
	at org.gradle.internal.operations.DefaultBuildOperationRunner$CallableBuildOperationWorker.execute(DefaultBuildOperationRunner.java:204)
	at org.gradle.internal.operations.DefaultBuildOperationRunner$2.execute(DefaultBuildOperationRunner.java:66)
	at org.gradle.internal.operations.DefaultBuildOperationRunner$2.execute(DefaultBuildOperationRunner.java:59)
	at org.gradle.internal.operations.DefaultBuildOperationRunner.execute(DefaultBuildOperationRunner.java:166)
	at org.gradle.internal.operations.DefaultBuildOperationRunner.execute(DefaultBuildOperationRunner.java:59)
	at org.gradle.internal.operations.DefaultBuildOperationRunner.call(DefaultBuildOperationRunner.java:53)
	at org.gradle.execution.BuildOperationFiringBuildWorkerExecutor.execute(BuildOperationFiringBuildWorkerExecutor.java:40)
	at org.gradle.internal.build.DefaultBuildLifecycleController.lambda$executeTasks$10(DefaultBuildLifecycleController.java:313)
	at org.gradle.internal.model.StateTransitionController.doTransition(StateTransitionController.java:266)
	at org.gradle.internal.model.StateTransitionController.lambda$tryTransition$8(StateTransitionController.java:177)
	at org.gradle.internal.work.DefaultSynchronizer.withLock(DefaultSynchronizer.java:44)
	at org.gradle.internal.model.StateTransitionController.tryTransition(StateTransitionController.java:177)
	at org.gradle.internal.build.DefaultBuildLifecycleController.executeTasks(DefaultBuildLifecycleController.java:304)
	at org.gradle.internal.build.DefaultBuildWorkGraphController$DefaultBuildWorkGraph.runWork(DefaultBuildWorkGraphController.java:220)
	at org.gradle.internal.work.DefaultWorkerLeaseService.withLocks(DefaultWorkerLeaseService.java:263)
	at org.gradle.internal.work.DefaultWorkerLeaseService.runAsWorkerThread(DefaultWorkerLeaseService.java:127)
	at org.gradle.composite.internal.DefaultBuildController.doRun(DefaultBuildController.java:181)
	at org.gradle.composite.internal.DefaultBuildController.access$000(DefaultBuildController.java:50)
	at org.gradle.composite.internal.DefaultBuildController$BuildOpRunnable.lambda$run$0(DefaultBuildController.java:198)
	at org.gradle.internal.operations.CurrentBuildOperationRef.with(CurrentBuildOperationRef.java:85)
	at org.gradle.composite.internal.DefaultBuildController$BuildOpRunnable.run(DefaultBuildController.java:198)
	at org.gradle.internal.concurrent.ExecutorPolicy$CatchAndRecordFailures.onExecute(ExecutorPolicy.java:64)
	at org.gradle.internal.concurrent.AbstractManagedExecutor$1.run(AbstractManagedExecutor.java:48)
Caused by: org.jetbrains.kotlin.gradle.tasks.CompilationErrorException: Compilation error. See log for more details
	at org.jetbrains.kotlin.gradle.tasks.TasksUtilsKt.throwExceptionIfCompilationFailed(tasksUtils.kt:20)
	at org.jetbrains.kotlin.compilerRunner.GradleKotlinCompilerWork.run(GradleKotlinCompilerWork.kt:141)
	at org.jetbrains.kotlin.compilerRunner.GradleCompilerRunnerWithWorkers$GradleKotlinCompilerWorkAction.execute(GradleCompilerRunnerWithWorkers.kt:73)
	at org.gradle.workers.internal.DefaultWorkerServer.execute(DefaultWorkerServer.java:63)
	at org.gradle.workers.internal.NoIsolationWorkerFactory$1$1.create(NoIsolationWorkerFactory.java:66)
	at org.gradle.workers.internal.NoIsolationWorkerFactory$1$1.create(NoIsolationWorkerFactory.java:62)
	at org.gradle.internal.classloader.ClassLoaderUtils.executeInClassloader(ClassLoaderUtils.java:100)
	at org.gradle.workers.internal.NoIsolationWorkerFactory$1.lambda$execute$0(NoIsolationWorkerFactory.java:62)
	at org.gradle.workers.internal.AbstractWorker$1.call(AbstractWorker.java:44)
	at org.gradle.workers.internal.AbstractWorker$1.call(AbstractWorker.java:41)
	at org.gradle.internal.operations.DefaultBuildOperationRunner$CallableBuildOperationWorker.execute(DefaultBuildOperationRunner.java:209)
	at org.gradle.internal.operations.DefaultBuildOperationRunner$CallableBuildOperationWorker.execute(DefaultBuildOperationRunner.java:204)
	at org.gradle.internal.operations.DefaultBuildOperationRunner$2.execute(DefaultBuildOperationRunner.java:66)
	at org.gradle.internal.operations.DefaultBuildOperationRunner$2.execute(DefaultBuildOperationRunner.java:59)
	at org.gradle.internal.operations.DefaultBuildOperationRunner.execute(DefaultBuildOperationRunner.java:166)
	at org.gradle.internal.operations.DefaultBuildOperationRunner.execute(DefaultBuildOperationRunner.java:59)
	at org.gradle.internal.operations.DefaultBuildOperationRunner.call(DefaultBuildOperationRunner.java:53)
	at org.gradle.workers.internal.AbstractWorker.executeWrappedInBuildOperation(AbstractWorker.java:41)
	at org.gradle.workers.internal.NoIsolationWorkerFactory$1.execute(NoIsolationWorkerFactory.java:59)
	at org.gradle.workers.internal.DefaultWorkerExecutor.lambda$submitWork$0(DefaultWorkerExecutor.java:174)
	at org.gradle.internal.work.DefaultConditionalExecutionQueue$ExecutionRunner.runExecution(DefaultConditionalExecutionQueue.java:194)
	at org.gradle.internal.work.DefaultConditionalExecutionQueue$ExecutionRunner.access$700(DefaultConditionalExecutionQueue.java:127)
	at org.gradle.internal.work.DefaultConditionalExecutionQueue$ExecutionRunner$1.run(DefaultConditionalExecutionQueue.java:169)
	at org.gradle.internal.Factories$1.create(Factories.java:31)
	at org.gradle.internal.work.DefaultWorkerLeaseService.withLocks(DefaultWorkerLeaseService.java:263)
	at org.gradle.internal.work.DefaultWorkerLeaseService.runAsWorkerThread(DefaultWorkerLeaseService.java:127)
	at org.gradle.internal.work.DefaultWorkerLeaseService.runAsWorkerThread(DefaultWorkerLeaseService.java:132)
	at org.gradle.internal.work.DefaultConditionalExecutionQueue$ExecutionRunner.runBatch(DefaultConditionalExecutionQueue.java:164)
	at org.gradle.internal.work.DefaultConditionalExecutionQueue$ExecutionRunner.run(DefaultConditionalExecutionQueue.java:133)
	... 2 more


Deprecated Gradle features were used in this build, making it incompatible with Gradle 9.0.

You can use '--warning-mode all' to show the individual deprecation warnings and determine if they come from your own scripts or plugins.

For more on this, please refer to https://docs.gradle.org/8.10.2/userguide/command_line_interface.html#sec:command_line_warnings in the Gradle documentation.

BUILD FAILED in 44s
29 actionable tasks: 2 executed, 27 up-to-date
